7-3-2024 12:09:02 - log: Load engine in /Applications/Cocos/Creator/3.8.3/CocosCreator.app/Contents/Resources/resources/3d/engine
7-3-2024 12:09:02 - log: Profile changed: engine (modules.includeModules: 2d,animation,audio,base,dragon-bones,gfx-webgl,gfx-webgl2,intersection-2d,meshopt,particle-2d,physics-2d-box2d,profiler,spine,tiled-map,tween,ui,video,webview)
7-3-2024 12:09:02 - log: Register native engine in /Applications/Cocos/Creator/3.8.3/CocosCreator.app/Contents/Resources/resources/3d/engine/native
7-3-2024 12:09:03 - log: Request namespace: device-list
7-3-2024 12:09:08 - log: [Scene] meshopt wasm decoder initialized
7-3-2024 12:09:08 - log: [Scene] [box2d]:box2d wasm lib loaded.
7-3-2024 12:09:08 - log: [Scene] [bullet]:bullet wasm lib loaded.
7-3-2024 12:09:08 - log: [Scene] [PHYSICS]: using builtin.
7-3-2024 12:09:08 - log: [Scene] Cocos Creator v3.8.3
7-3-2024 12:09:08 - info: [Scene] Forward render pipeline initialized.
7-3-2024 12:09:08 - log: [Scene] [PHYSICS2D]: switch from box2d-wasm to box2d.
7-3-2024 14:05:56 - info: [Window] Download the Vue Devtools extension for a better development experience:
https://github.com/vuejs/vue-devtools
7-3-2024 14:05:56 - info: [Window] You are running Vue in development mode.
Make sure to turn on production mode when deploying for production.
See more tips at https://vuejs.org/guide/deployment.html
7-3-2024 14:08:33 - warn: [Scene] 你是否遗漏了扩展名？请注意你不能在模块说明符中省略扩展名。Error: [Scene] 你是否遗漏了扩展名？请注意你不能在模块说明符中省略扩展名。
    at logger (/Applications/Cocos/Creator/3.8.3/CocosCreator.app/Contents/Resources/app.asar/node_modules/@editor/lib-programming/static/executor/systemjs-bridge/out/index.js:755:13)
    at ExecutorSystem.resolve [as _detailResolve] (/Applications/Cocos/Creator/3.8.3/CocosCreator.app/Contents/Resources/app.asar/node_modules/@editor/lib-programming/static/executor/systemjs-bridge/out/index.js:772:17)
    at ExecutorSystem._resolve (/Applications/Cocos/Creator/3.8.3/CocosCreator.app/Contents/Resources/app.asar/node_modules/@editor/lib-programming/src/editor-systemjs/index.ts:137:14)
    at SystemJS.resolve (/Applications/Cocos/Creator/3.8.3/CocosCreator.app/Contents/Resources/app.asar/node_modules/@editor/lib-programming/src/editor-systemjs/index.ts:36:23)
    at /Applications/Cocos/Creator/3.8.3/CocosCreator.app/Contents/Resources/app.asar/node_modules/@editor/lib-programming/static/executor/systemjs-bridge/out/index.js:355:37
    at Array.map (<anonymous>)
    at /Applications/Cocos/Creator/3.8.3/CocosCreator.app/Contents/Resources/app.asar/node_modules/@editor/lib-programming/static/executor/systemjs-bridge/out/index.js:353:41
7-3-2024 14:08:33 - error: [Scene] {hidden(::SceneExecutorImportExceptionHandler::)} Error: Error: 以 file:///Users/wangzhaoye/block-practice/block/assets/script/Weapon/WeaponBgItem.ts 为起点找不到模块 "../Data/WeaponData"
    at rejector (/Applications/Cocos/Creator/3.8.3/CocosCreator.app/Contents/Resources/app.asar/node_modules/@editor/lib-programming/static/executor/systemjs-bridge/out/index.js:759:15)
    at ExecutorSystem.resolve [as _detailResolve] (/Applications/Cocos/Creator/3.8.3/CocosCreator.app/Contents/Resources/app.asar/node_modules/@editor/lib-programming/static/executor/systemjs-bridge/out/index.js:777:13)
    at ExecutorSystem._resolve (/Applications/Cocos/Creator/3.8.3/CocosCreator.app/Contents/Resources/app.asar/node_modules/@editor/lib-programming/src/editor-systemjs/index.ts:137:14)
    at SystemJS.resolve (/Applications/Cocos/Creator/3.8.3/CocosCreator.app/Contents/Resources/app.asar/node_modules/@editor/lib-programming/src/editor-systemjs/index.ts:36:23)
    at /Applications/Cocos/Creator/3.8.3/CocosCreator.app/Contents/Resources/app.asar/node_modules/@editor/lib-programming/static/executor/systemjs-bridge/out/index.js:355:37
    at Array.map (<anonymous>)
    at /Applications/Cocos/Creator/3.8.3/CocosCreator.app/Contents/Resources/app.asar/node_modules/@editor/lib-programming/static/executor/systemjs-bridge/out/index.js:353:41
    at file:///Users/wangzhaoye/block-practice/block/temp/programming/packer-driver/targets/editor/chunks/6d/cce:/internal/x/prerequisite-imports:8:13
    at Object.execute (file:///Users/wangzhaoye/block-practice/block/temp/programming/packer-driver/targets/editor/chunks/6d/cce:/internal/x/prerequisite-imports:4:1)
    at Executor._importPrerequisiteModules (/Applications/Cocos/Creator/3.8.3/CocosCreator.app/Contents/Resources/app.asar/node_modules/@editor/lib-programming/src/executor/index.ts:316:13)Error: [Scene] {hidden(::SceneExecutorImportExceptionHandler::)} Error: Error: 以 file:///Users/wangzhaoye/block-practice/block/assets/script/Weapon/WeaponBgItem.ts 为起点找不到模块 "../Data/WeaponData"
    at SystemJS.resolve (/Applications/Cocos/Creator/3.8.3/CocosCreator.app/Contents/Resources/app.asar/node_modules/@editor/lib-programming/src/editor-systemjs/index.ts:36:23)
    at /Applications/Cocos/Creator/3.8.3/CocosCreator.app/Contents/Resources/app.asar/node_modules/@editor/lib-programming/static/executor/systemjs-bridge/out/index.js:355:37
    at Array.map (<anonymous>)
    at /Applications/Cocos/Creator/3.8.3/CocosCreator.app/Contents/Resources/app.asar/node_modules/@editor/lib-programming/static/executor/systemjs-bridge/out/index.js:353:41
    at file:///Users/wangzhaoye/block-practice/block/temp/programming/packer-driver/targets/editor/chunks/6d/cce:/internal/x/prerequisite-imports:8:13
    at Object.execute (file:///Users/wangzhaoye/block-practice/block/temp/programming/packer-driver/targets/editor/chunks/6d/cce:/internal/x/prerequisite-imports:4:1)
    at Executor._importPrerequisiteModules (/Applications/Cocos/Creator/3.8.3/CocosCreator.app/Contents/Resources/app.asar/node_modules/@editor/lib-programming/src/executor/index.ts:316:13)
    at Logger._logHandler (/Applications/Cocos/Creator/3.8.3/CocosCreator.app/Contents/Resources/app.asar/builtin/scene/dist/script/3d/manager/startup/log.ccc:1:487)
    at Logger.record (/Applications/Cocos/Creator/3.8.3/CocosCreator.app/Contents/Resources/app.asar/node_modules/@base/electron-logger/lib/renderer.ccc:1:458)
    at console.error (/Applications/Cocos/Creator/3.8.3/CocosCreator.app/Contents/Resources/app.asar/node_modules/@base/electron-logger/lib/renderer.ccc:1:1414)
    at ScriptManager._handleImportException (/Applications/Cocos/Creator/3.8.3/CocosCreator.app/Contents/Resources/app.asar/builtin/scene/dist/script/3d/manager/scripts.ccc:1:5195)
    at Executor.importExceptionHandler [as _importExceptionHandler] (/Applications/Cocos/Creator/3.8.3/CocosCreator.app/Contents/Resources/app.asar/builtin/scene/dist/script/3d/manager/scripts.ccc:1:3379)
    at Executor._onModuleLoaded (/Applications/Cocos/Creator/3.8.3/CocosCreator.app/Contents/Resources/app.asar/node_modules/@editor/lib-programming/src/executor/index.ts:359:22)
    at SystemJS.onload (/Applications/Cocos/Creator/3.8.3/CocosCreator.app/Contents/Resources/app.asar/node_modules/@editor/lib-programming/src/executor/index.ts:96:18)
    at triggerOnload (/Applications/Cocos/Creator/3.8.3/CocosCreator.app/Contents/Resources/app.asar/node_modules/@editor/lib-programming/static/executor/systemjs-bridge/out/index.js:270:10)
    at /Applications/Cocos/Creator/3.8.3/CocosCreator.app/Contents/Resources/app.asar/node_modules/@editor/lib-programming/static/executor/systemjs-bridge/out/index.js:431:7
    at file:///Users/wangzhaoye/block-practice/block/temp/programming/packer-driver/targets/editor/chunks/6d/cce:/internal/x/prerequisite-imports:8:13
7-3-2024 14:08:33 - warn: [Scene] 你是否遗漏了扩展名？请注意你不能在模块说明符中省略扩展名。Error: [Scene] 你是否遗漏了扩展名？请注意你不能在模块说明符中省略扩展名。
    at logger (/Applications/Cocos/Creator/3.8.3/CocosCreator.app/Contents/Resources/app.asar/node_modules/@editor/lib-programming/static/executor/systemjs-bridge/out/index.js:755:13)
    at ExecutorSystem.resolve [as _detailResolve] (/Applications/Cocos/Creator/3.8.3/CocosCreator.app/Contents/Resources/app.asar/node_modules/@editor/lib-programming/static/executor/systemjs-bridge/out/index.js:772:17)
    at ExecutorSystem._resolve (/Applications/Cocos/Creator/3.8.3/CocosCreator.app/Contents/Resources/app.asar/node_modules/@editor/lib-programming/src/editor-systemjs/index.ts:137:14)
    at SystemJS.resolve (/Applications/Cocos/Creator/3.8.3/CocosCreator.app/Contents/Resources/app.asar/node_modules/@editor/lib-programming/src/editor-systemjs/index.ts:36:23)
    at /Applications/Cocos/Creator/3.8.3/CocosCreator.app/Contents/Resources/app.asar/node_modules/@editor/lib-programming/static/executor/systemjs-bridge/out/index.js:355:37
    at Array.map (<anonymous>)
    at /Applications/Cocos/Creator/3.8.3/CocosCreator.app/Contents/Resources/app.asar/node_modules/@editor/lib-programming/static/executor/systemjs-bridge/out/index.js:353:41
7-3-2024 14:08:33 - error: [Scene] {hidden(::SceneExecutorImportExceptionHandler::)} Error: Error: 以 file:///Users/wangzhaoye/block-practice/block/assets/script/Weapon/WeaponItem.ts 为起点找不到模块 "../Data/WeaponData"
    at rejector (/Applications/Cocos/Creator/3.8.3/CocosCreator.app/Contents/Resources/app.asar/node_modules/@editor/lib-programming/static/executor/systemjs-bridge/out/index.js:759:15)
    at ExecutorSystem.resolve [as _detailResolve] (/Applications/Cocos/Creator/3.8.3/CocosCreator.app/Contents/Resources/app.asar/node_modules/@editor/lib-programming/static/executor/systemjs-bridge/out/index.js:777:13)
    at ExecutorSystem._resolve (/Applications/Cocos/Creator/3.8.3/CocosCreator.app/Contents/Resources/app.asar/node_modules/@editor/lib-programming/src/editor-systemjs/index.ts:137:14)
    at SystemJS.resolve (/Applications/Cocos/Creator/3.8.3/CocosCreator.app/Contents/Resources/app.asar/node_modules/@editor/lib-programming/src/editor-systemjs/index.ts:36:23)
    at /Applications/Cocos/Creator/3.8.3/CocosCreator.app/Contents/Resources/app.asar/node_modules/@editor/lib-programming/static/executor/systemjs-bridge/out/index.js:355:37
    at Array.map (<anonymous>)
    at /Applications/Cocos/Creator/3.8.3/CocosCreator.app/Contents/Resources/app.asar/node_modules/@editor/lib-programming/static/executor/systemjs-bridge/out/index.js:353:41
    at file:///Users/wangzhaoye/block-practice/block/temp/programming/packer-driver/targets/editor/chunks/6d/cce:/internal/x/prerequisite-imports:8:13
    at Object.execute (file:///Users/wangzhaoye/block-practice/block/temp/programming/packer-driver/targets/editor/chunks/6d/cce:/internal/x/prerequisite-imports:4:1)
    at Executor._importPrerequisiteModules (/Applications/Cocos/Creator/3.8.3/CocosCreator.app/Contents/Resources/app.asar/node_modules/@editor/lib-programming/src/executor/index.ts:316:13)Error: [Scene] {hidden(::SceneExecutorImportExceptionHandler::)} Error: Error: 以 file:///Users/wangzhaoye/block-practice/block/assets/script/Weapon/WeaponItem.ts 为起点找不到模块 "../Data/WeaponData"
    at SystemJS.resolve (/Applications/Cocos/Creator/3.8.3/CocosCreator.app/Contents/Resources/app.asar/node_modules/@editor/lib-programming/src/editor-systemjs/index.ts:36:23)
    at /Applications/Cocos/Creator/3.8.3/CocosCreator.app/Contents/Resources/app.asar/node_modules/@editor/lib-programming/static/executor/systemjs-bridge/out/index.js:355:37
    at Array.map (<anonymous>)
    at /Applications/Cocos/Creator/3.8.3/CocosCreator.app/Contents/Resources/app.asar/node_modules/@editor/lib-programming/static/executor/systemjs-bridge/out/index.js:353:41
    at file:///Users/wangzhaoye/block-practice/block/temp/programming/packer-driver/targets/editor/chunks/6d/cce:/internal/x/prerequisite-imports:8:13
    at Object.execute (file:///Users/wangzhaoye/block-practice/block/temp/programming/packer-driver/targets/editor/chunks/6d/cce:/internal/x/prerequisite-imports:4:1)
    at Executor._importPrerequisiteModules (/Applications/Cocos/Creator/3.8.3/CocosCreator.app/Contents/Resources/app.asar/node_modules/@editor/lib-programming/src/executor/index.ts:316:13)
    at Logger._logHandler (/Applications/Cocos/Creator/3.8.3/CocosCreator.app/Contents/Resources/app.asar/builtin/scene/dist/script/3d/manager/startup/log.ccc:1:487)
    at Logger.record (/Applications/Cocos/Creator/3.8.3/CocosCreator.app/Contents/Resources/app.asar/node_modules/@base/electron-logger/lib/renderer.ccc:1:458)
    at console.error (/Applications/Cocos/Creator/3.8.3/CocosCreator.app/Contents/Resources/app.asar/node_modules/@base/electron-logger/lib/renderer.ccc:1:1414)
    at ScriptManager._handleImportException (/Applications/Cocos/Creator/3.8.3/CocosCreator.app/Contents/Resources/app.asar/builtin/scene/dist/script/3d/manager/scripts.ccc:1:5195)
    at Executor.importExceptionHandler [as _importExceptionHandler] (/Applications/Cocos/Creator/3.8.3/CocosCreator.app/Contents/Resources/app.asar/builtin/scene/dist/script/3d/manager/scripts.ccc:1:3379)
    at Executor._onModuleLoaded (/Applications/Cocos/Creator/3.8.3/CocosCreator.app/Contents/Resources/app.asar/node_modules/@editor/lib-programming/src/executor/index.ts:359:22)
    at SystemJS.onload (/Applications/Cocos/Creator/3.8.3/CocosCreator.app/Contents/Resources/app.asar/node_modules/@editor/lib-programming/src/executor/index.ts:96:18)
    at triggerOnload (/Applications/Cocos/Creator/3.8.3/CocosCreator.app/Contents/Resources/app.asar/node_modules/@editor/lib-programming/static/executor/systemjs-bridge/out/index.js:270:10)
    at /Applications/Cocos/Creator/3.8.3/CocosCreator.app/Contents/Resources/app.asar/node_modules/@editor/lib-programming/static/executor/systemjs-bridge/out/index.js:431:7
    at file:///Users/wangzhaoye/block-practice/block/temp/programming/packer-driver/targets/editor/chunks/6d/cce:/internal/x/prerequisite-imports:8:13
7-3-2024 14:09:36 - warn: [Scene] 你是否遗漏了扩展名？请注意你不能在模块说明符中省略扩展名。Error: [Scene] 你是否遗漏了扩展名？请注意你不能在模块说明符中省略扩展名。
    at logger (/Applications/Cocos/Creator/3.8.3/CocosCreator.app/Contents/Resources/app.asar/node_modules/@editor/lib-programming/static/executor/systemjs-bridge/out/index.js:755:13)
    at ExecutorSystem.resolve [as _detailResolve] (/Applications/Cocos/Creator/3.8.3/CocosCreator.app/Contents/Resources/app.asar/node_modules/@editor/lib-programming/static/executor/systemjs-bridge/out/index.js:772:17)
    at ExecutorSystem._resolve (/Applications/Cocos/Creator/3.8.3/CocosCreator.app/Contents/Resources/app.asar/node_modules/@editor/lib-programming/src/editor-systemjs/index.ts:137:14)
    at SystemJS.resolve (/Applications/Cocos/Creator/3.8.3/CocosCreator.app/Contents/Resources/app.asar/node_modules/@editor/lib-programming/src/editor-systemjs/index.ts:36:23)
    at /Applications/Cocos/Creator/3.8.3/CocosCreator.app/Contents/Resources/app.asar/node_modules/@editor/lib-programming/static/executor/systemjs-bridge/out/index.js:355:37
    at Array.map (<anonymous>)
    at /Applications/Cocos/Creator/3.8.3/CocosCreator.app/Contents/Resources/app.asar/node_modules/@editor/lib-programming/static/executor/systemjs-bridge/out/index.js:353:41
7-3-2024 14:09:36 - error: [Scene] {hidden(::SceneExecutorImportExceptionHandler::)} Error: Error: 以 file:///Users/wangzhaoye/block-practice/block/assets/script/Data/WeaponData.ts 为起点找不到模块 "../../../../manager/TemplateMgr"
    at rejector (/Applications/Cocos/Creator/3.8.3/CocosCreator.app/Contents/Resources/app.asar/node_modules/@editor/lib-programming/static/executor/systemjs-bridge/out/index.js:759:15)
    at ExecutorSystem.resolve [as _detailResolve] (/Applications/Cocos/Creator/3.8.3/CocosCreator.app/Contents/Resources/app.asar/node_modules/@editor/lib-programming/static/executor/systemjs-bridge/out/index.js:777:13)
    at ExecutorSystem._resolve (/Applications/Cocos/Creator/3.8.3/CocosCreator.app/Contents/Resources/app.asar/node_modules/@editor/lib-programming/src/editor-systemjs/index.ts:137:14)
    at SystemJS.resolve (/Applications/Cocos/Creator/3.8.3/CocosCreator.app/Contents/Resources/app.asar/node_modules/@editor/lib-programming/src/editor-systemjs/index.ts:36:23)
    at /Applications/Cocos/Creator/3.8.3/CocosCreator.app/Contents/Resources/app.asar/node_modules/@editor/lib-programming/static/executor/systemjs-bridge/out/index.js:355:37
    at Array.map (<anonymous>)
    at /Applications/Cocos/Creator/3.8.3/CocosCreator.app/Contents/Resources/app.asar/node_modules/@editor/lib-programming/static/executor/systemjs-bridge/out/index.js:353:41
    at file:///Users/wangzhaoye/block-practice/block/temp/programming/packer-driver/targets/editor/chunks/6d/cce:/internal/x/prerequisite-imports:8:13
    at Object.execute (file:///Users/wangzhaoye/block-practice/block/temp/programming/packer-driver/targets/editor/chunks/6d/cce:/internal/x/prerequisite-imports:4:1)
    at Executor._importPrerequisiteModules (/Applications/Cocos/Creator/3.8.3/CocosCreator.app/Contents/Resources/app.asar/node_modules/@editor/lib-programming/src/executor/index.ts:316:13)Error: [Scene] {hidden(::SceneExecutorImportExceptionHandler::)} Error: Error: 以 file:///Users/wangzhaoye/block-practice/block/assets/script/Data/WeaponData.ts 为起点找不到模块 "../../../../manager/TemplateMgr"
    at SystemJS.resolve (/Applications/Cocos/Creator/3.8.3/CocosCreator.app/Contents/Resources/app.asar/node_modules/@editor/lib-programming/src/editor-systemjs/index.ts:36:23)
    at /Applications/Cocos/Creator/3.8.3/CocosCreator.app/Contents/Resources/app.asar/node_modules/@editor/lib-programming/static/executor/systemjs-bridge/out/index.js:355:37
    at Array.map (<anonymous>)
    at /Applications/Cocos/Creator/3.8.3/CocosCreator.app/Contents/Resources/app.asar/node_modules/@editor/lib-programming/static/executor/systemjs-bridge/out/index.js:353:41
    at file:///Users/wangzhaoye/block-practice/block/temp/programming/packer-driver/targets/editor/chunks/6d/cce:/internal/x/prerequisite-imports:8:13
    at Object.execute (file:///Users/wangzhaoye/block-practice/block/temp/programming/packer-driver/targets/editor/chunks/6d/cce:/internal/x/prerequisite-imports:4:1)
    at Executor._importPrerequisiteModules (/Applications/Cocos/Creator/3.8.3/CocosCreator.app/Contents/Resources/app.asar/node_modules/@editor/lib-programming/src/executor/index.ts:316:13)
    at Logger._logHandler (/Applications/Cocos/Creator/3.8.3/CocosCreator.app/Contents/Resources/app.asar/builtin/scene/dist/script/3d/manager/startup/log.ccc:1:487)
    at Logger.record (/Applications/Cocos/Creator/3.8.3/CocosCreator.app/Contents/Resources/app.asar/node_modules/@base/electron-logger/lib/renderer.ccc:1:458)
    at console.error (/Applications/Cocos/Creator/3.8.3/CocosCreator.app/Contents/Resources/app.asar/node_modules/@base/electron-logger/lib/renderer.ccc:1:1414)
    at ScriptManager._handleImportException (/Applications/Cocos/Creator/3.8.3/CocosCreator.app/Contents/Resources/app.asar/builtin/scene/dist/script/3d/manager/scripts.ccc:1:5195)
    at Executor.importExceptionHandler [as _importExceptionHandler] (/Applications/Cocos/Creator/3.8.3/CocosCreator.app/Contents/Resources/app.asar/builtin/scene/dist/script/3d/manager/scripts.ccc:1:3379)
    at Executor._onModuleLoaded (/Applications/Cocos/Creator/3.8.3/CocosCreator.app/Contents/Resources/app.asar/node_modules/@editor/lib-programming/src/executor/index.ts:359:22)
    at SystemJS.onload (/Applications/Cocos/Creator/3.8.3/CocosCreator.app/Contents/Resources/app.asar/node_modules/@editor/lib-programming/src/executor/index.ts:96:18)
    at triggerOnload (/Applications/Cocos/Creator/3.8.3/CocosCreator.app/Contents/Resources/app.asar/node_modules/@editor/lib-programming/static/executor/systemjs-bridge/out/index.js:270:10)
    at /Applications/Cocos/Creator/3.8.3/CocosCreator.app/Contents/Resources/app.asar/node_modules/@editor/lib-programming/static/executor/systemjs-bridge/out/index.js:431:7
    at file:///Users/wangzhaoye/block-practice/block/temp/programming/packer-driver/targets/editor/chunks/6d/cce:/internal/x/prerequisite-imports:8:13
7-3-2024 14:09:36 - warn: [Scene] 你是否遗漏了扩展名？请注意你不能在模块说明符中省略扩展名。Error: [Scene] 你是否遗漏了扩展名？请注意你不能在模块说明符中省略扩展名。
    at logger (/Applications/Cocos/Creator/3.8.3/CocosCreator.app/Contents/Resources/app.asar/node_modules/@editor/lib-programming/static/executor/systemjs-bridge/out/index.js:755:13)
    at ExecutorSystem.resolve [as _detailResolve] (/Applications/Cocos/Creator/3.8.3/CocosCreator.app/Contents/Resources/app.asar/node_modules/@editor/lib-programming/static/executor/systemjs-bridge/out/index.js:772:17)
    at ExecutorSystem._resolve (/Applications/Cocos/Creator/3.8.3/CocosCreator.app/Contents/Resources/app.asar/node_modules/@editor/lib-programming/src/editor-systemjs/index.ts:137:14)
    at SystemJS.resolve (/Applications/Cocos/Creator/3.8.3/CocosCreator.app/Contents/Resources/app.asar/node_modules/@editor/lib-programming/src/editor-systemjs/index.ts:36:23)
    at /Applications/Cocos/Creator/3.8.3/CocosCreator.app/Contents/Resources/app.asar/node_modules/@editor/lib-programming/static/executor/systemjs-bridge/out/index.js:355:37
    at Array.map (<anonymous>)
    at /Applications/Cocos/Creator/3.8.3/CocosCreator.app/Contents/Resources/app.asar/node_modules/@editor/lib-programming/static/executor/systemjs-bridge/out/index.js:353:41
7-3-2024 14:09:36 - error: [Scene] {hidden(::SceneExecutorImportExceptionHandler::)} Error: Error: 以 file:///Users/wangzhaoye/block-practice/block/assets/script/Weapon/WeaponBgItem.ts 为起点找不到模块 "../Data/WeaponData"
    at rejector (/Applications/Cocos/Creator/3.8.3/CocosCreator.app/Contents/Resources/app.asar/node_modules/@editor/lib-programming/static/executor/systemjs-bridge/out/index.js:759:15)
    at ExecutorSystem.resolve [as _detailResolve] (/Applications/Cocos/Creator/3.8.3/CocosCreator.app/Contents/Resources/app.asar/node_modules/@editor/lib-programming/static/executor/systemjs-bridge/out/index.js:777:13)
    at ExecutorSystem._resolve (/Applications/Cocos/Creator/3.8.3/CocosCreator.app/Contents/Resources/app.asar/node_modules/@editor/lib-programming/src/editor-systemjs/index.ts:137:14)
    at SystemJS.resolve (/Applications/Cocos/Creator/3.8.3/CocosCreator.app/Contents/Resources/app.asar/node_modules/@editor/lib-programming/src/editor-systemjs/index.ts:36:23)
    at /Applications/Cocos/Creator/3.8.3/CocosCreator.app/Contents/Resources/app.asar/node_modules/@editor/lib-programming/static/executor/systemjs-bridge/out/index.js:355:37
    at Array.map (<anonymous>)
    at /Applications/Cocos/Creator/3.8.3/CocosCreator.app/Contents/Resources/app.asar/node_modules/@editor/lib-programming/static/executor/systemjs-bridge/out/index.js:353:41
    at file:///Users/wangzhaoye/block-practice/block/temp/programming/packer-driver/targets/editor/chunks/6d/cce:/internal/x/prerequisite-imports:8:13
    at Object.execute (file:///Users/wangzhaoye/block-practice/block/temp/programming/packer-driver/targets/editor/chunks/6d/cce:/internal/x/prerequisite-imports:4:1)
    at Executor._importPrerequisiteModules (/Applications/Cocos/Creator/3.8.3/CocosCreator.app/Contents/Resources/app.asar/node_modules/@editor/lib-programming/src/executor/index.ts:316:13)Error: [Scene] {hidden(::SceneExecutorImportExceptionHandler::)} Error: Error: 以 file:///Users/wangzhaoye/block-practice/block/assets/script/Weapon/WeaponBgItem.ts 为起点找不到模块 "../Data/WeaponData"
    at SystemJS.resolve (/Applications/Cocos/Creator/3.8.3/CocosCreator.app/Contents/Resources/app.asar/node_modules/@editor/lib-programming/src/editor-systemjs/index.ts:36:23)
    at /Applications/Cocos/Creator/3.8.3/CocosCreator.app/Contents/Resources/app.asar/node_modules/@editor/lib-programming/static/executor/systemjs-bridge/out/index.js:355:37
    at Array.map (<anonymous>)
    at /Applications/Cocos/Creator/3.8.3/CocosCreator.app/Contents/Resources/app.asar/node_modules/@editor/lib-programming/static/executor/systemjs-bridge/out/index.js:353:41
    at file:///Users/wangzhaoye/block-practice/block/temp/programming/packer-driver/targets/editor/chunks/6d/cce:/internal/x/prerequisite-imports:8:13
    at Object.execute (file:///Users/wangzhaoye/block-practice/block/temp/programming/packer-driver/targets/editor/chunks/6d/cce:/internal/x/prerequisite-imports:4:1)
    at Executor._importPrerequisiteModules (/Applications/Cocos/Creator/3.8.3/CocosCreator.app/Contents/Resources/app.asar/node_modules/@editor/lib-programming/src/executor/index.ts:316:13)
    at Logger._logHandler (/Applications/Cocos/Creator/3.8.3/CocosCreator.app/Contents/Resources/app.asar/builtin/scene/dist/script/3d/manager/startup/log.ccc:1:487)
    at Logger.record (/Applications/Cocos/Creator/3.8.3/CocosCreator.app/Contents/Resources/app.asar/node_modules/@base/electron-logger/lib/renderer.ccc:1:458)
    at console.error (/Applications/Cocos/Creator/3.8.3/CocosCreator.app/Contents/Resources/app.asar/node_modules/@base/electron-logger/lib/renderer.ccc:1:1414)
    at ScriptManager._handleImportException (/Applications/Cocos/Creator/3.8.3/CocosCreator.app/Contents/Resources/app.asar/builtin/scene/dist/script/3d/manager/scripts.ccc:1:5195)
    at Executor.importExceptionHandler [as _importExceptionHandler] (/Applications/Cocos/Creator/3.8.3/CocosCreator.app/Contents/Resources/app.asar/builtin/scene/dist/script/3d/manager/scripts.ccc:1:3379)
    at Executor._onModuleLoaded (/Applications/Cocos/Creator/3.8.3/CocosCreator.app/Contents/Resources/app.asar/node_modules/@editor/lib-programming/src/executor/index.ts:359:22)
    at SystemJS.onload (/Applications/Cocos/Creator/3.8.3/CocosCreator.app/Contents/Resources/app.asar/node_modules/@editor/lib-programming/src/executor/index.ts:96:18)
    at triggerOnload (/Applications/Cocos/Creator/3.8.3/CocosCreator.app/Contents/Resources/app.asar/node_modules/@editor/lib-programming/static/executor/systemjs-bridge/out/index.js:270:10)
    at /Applications/Cocos/Creator/3.8.3/CocosCreator.app/Contents/Resources/app.asar/node_modules/@editor/lib-programming/static/executor/systemjs-bridge/out/index.js:431:7
    at file:///Users/wangzhaoye/block-practice/block/temp/programming/packer-driver/targets/editor/chunks/6d/cce:/internal/x/prerequisite-imports:8:13
7-3-2024 14:09:36 - warn: [Scene] 你是否遗漏了扩展名？请注意你不能在模块说明符中省略扩展名。Error: [Scene] 你是否遗漏了扩展名？请注意你不能在模块说明符中省略扩展名。
    at logger (/Applications/Cocos/Creator/3.8.3/CocosCreator.app/Contents/Resources/app.asar/node_modules/@editor/lib-programming/static/executor/systemjs-bridge/out/index.js:755:13)
    at ExecutorSystem.resolve [as _detailResolve] (/Applications/Cocos/Creator/3.8.3/CocosCreator.app/Contents/Resources/app.asar/node_modules/@editor/lib-programming/static/executor/systemjs-bridge/out/index.js:772:17)
    at ExecutorSystem._resolve (/Applications/Cocos/Creator/3.8.3/CocosCreator.app/Contents/Resources/app.asar/node_modules/@editor/lib-programming/src/editor-systemjs/index.ts:137:14)
    at SystemJS.resolve (/Applications/Cocos/Creator/3.8.3/CocosCreator.app/Contents/Resources/app.asar/node_modules/@editor/lib-programming/src/editor-systemjs/index.ts:36:23)
    at /Applications/Cocos/Creator/3.8.3/CocosCreator.app/Contents/Resources/app.asar/node_modules/@editor/lib-programming/static/executor/systemjs-bridge/out/index.js:355:37
    at Array.map (<anonymous>)
    at /Applications/Cocos/Creator/3.8.3/CocosCreator.app/Contents/Resources/app.asar/node_modules/@editor/lib-programming/static/executor/systemjs-bridge/out/index.js:353:41
7-3-2024 14:09:36 - error: [Scene] {hidden(::SceneExecutorImportExceptionHandler::)} Error: Error: 以 file:///Users/wangzhaoye/block-practice/block/assets/script/Weapon/WeaponItem.ts 为起点找不到模块 "../Data/WeaponData"
    at rejector (/Applications/Cocos/Creator/3.8.3/CocosCreator.app/Contents/Resources/app.asar/node_modules/@editor/lib-programming/static/executor/systemjs-bridge/out/index.js:759:15)
    at ExecutorSystem.resolve [as _detailResolve] (/Applications/Cocos/Creator/3.8.3/CocosCreator.app/Contents/Resources/app.asar/node_modules/@editor/lib-programming/static/executor/systemjs-bridge/out/index.js:777:13)
    at ExecutorSystem._resolve (/Applications/Cocos/Creator/3.8.3/CocosCreator.app/Contents/Resources/app.asar/node_modules/@editor/lib-programming/src/editor-systemjs/index.ts:137:14)
    at SystemJS.resolve (/Applications/Cocos/Creator/3.8.3/CocosCreator.app/Contents/Resources/app.asar/node_modules/@editor/lib-programming/src/editor-systemjs/index.ts:36:23)
    at /Applications/Cocos/Creator/3.8.3/CocosCreator.app/Contents/Resources/app.asar/node_modules/@editor/lib-programming/static/executor/systemjs-bridge/out/index.js:355:37
    at Array.map (<anonymous>)
    at /Applications/Cocos/Creator/3.8.3/CocosCreator.app/Contents/Resources/app.asar/node_modules/@editor/lib-programming/static/executor/systemjs-bridge/out/index.js:353:41
    at file:///Users/wangzhaoye/block-practice/block/temp/programming/packer-driver/targets/editor/chunks/6d/cce:/internal/x/prerequisite-imports:8:13
    at Object.execute (file:///Users/wangzhaoye/block-practice/block/temp/programming/packer-driver/targets/editor/chunks/6d/cce:/internal/x/prerequisite-imports:4:1)
    at Executor._importPrerequisiteModules (/Applications/Cocos/Creator/3.8.3/CocosCreator.app/Contents/Resources/app.asar/node_modules/@editor/lib-programming/src/executor/index.ts:316:13)Error: [Scene] {hidden(::SceneExecutorImportExceptionHandler::)} Error: Error: 以 file:///Users/wangzhaoye/block-practice/block/assets/script/Weapon/WeaponItem.ts 为起点找不到模块 "../Data/WeaponData"
    at SystemJS.resolve (/Applications/Cocos/Creator/3.8.3/CocosCreator.app/Contents/Resources/app.asar/node_modules/@editor/lib-programming/src/editor-systemjs/index.ts:36:23)
    at /Applications/Cocos/Creator/3.8.3/CocosCreator.app/Contents/Resources/app.asar/node_modules/@editor/lib-programming/static/executor/systemjs-bridge/out/index.js:355:37
    at Array.map (<anonymous>)
    at /Applications/Cocos/Creator/3.8.3/CocosCreator.app/Contents/Resources/app.asar/node_modules/@editor/lib-programming/static/executor/systemjs-bridge/out/index.js:353:41
    at file:///Users/wangzhaoye/block-practice/block/temp/programming/packer-driver/targets/editor/chunks/6d/cce:/internal/x/prerequisite-imports:8:13
    at Object.execute (file:///Users/wangzhaoye/block-practice/block/temp/programming/packer-driver/targets/editor/chunks/6d/cce:/internal/x/prerequisite-imports:4:1)
    at Executor._importPrerequisiteModules (/Applications/Cocos/Creator/3.8.3/CocosCreator.app/Contents/Resources/app.asar/node_modules/@editor/lib-programming/src/executor/index.ts:316:13)
    at Logger._logHandler (/Applications/Cocos/Creator/3.8.3/CocosCreator.app/Contents/Resources/app.asar/builtin/scene/dist/script/3d/manager/startup/log.ccc:1:487)
    at Logger.record (/Applications/Cocos/Creator/3.8.3/CocosCreator.app/Contents/Resources/app.asar/node_modules/@base/electron-logger/lib/renderer.ccc:1:458)
    at console.error (/Applications/Cocos/Creator/3.8.3/CocosCreator.app/Contents/Resources/app.asar/node_modules/@base/electron-logger/lib/renderer.ccc:1:1414)
    at ScriptManager._handleImportException (/Applications/Cocos/Creator/3.8.3/CocosCreator.app/Contents/Resources/app.asar/builtin/scene/dist/script/3d/manager/scripts.ccc:1:5195)
    at Executor.importExceptionHandler [as _importExceptionHandler] (/Applications/Cocos/Creator/3.8.3/CocosCreator.app/Contents/Resources/app.asar/builtin/scene/dist/script/3d/manager/scripts.ccc:1:3379)
    at Executor._onModuleLoaded (/Applications/Cocos/Creator/3.8.3/CocosCreator.app/Contents/Resources/app.asar/node_modules/@editor/lib-programming/src/executor/index.ts:359:22)
    at SystemJS.onload (/Applications/Cocos/Creator/3.8.3/CocosCreator.app/Contents/Resources/app.asar/node_modules/@editor/lib-programming/src/executor/index.ts:96:18)
    at triggerOnload (/Applications/Cocos/Creator/3.8.3/CocosCreator.app/Contents/Resources/app.asar/node_modules/@editor/lib-programming/static/executor/systemjs-bridge/out/index.js:270:10)
    at /Applications/Cocos/Creator/3.8.3/CocosCreator.app/Contents/Resources/app.asar/node_modules/@editor/lib-programming/static/executor/systemjs-bridge/out/index.js:431:7
    at file:///Users/wangzhaoye/block-practice/block/temp/programming/packer-driver/targets/editor/chunks/6d/cce:/internal/x/prerequisite-imports:8:13
7-3-2024 14:10:27 - warn: [Scene] 你是否遗漏了扩展名？请注意你不能在模块说明符中省略扩展名。Error: [Scene] 你是否遗漏了扩展名？请注意你不能在模块说明符中省略扩展名。
    at logger (/Applications/Cocos/Creator/3.8.3/CocosCreator.app/Contents/Resources/app.asar/node_modules/@editor/lib-programming/static/executor/systemjs-bridge/out/index.js:755:13)
    at ExecutorSystem.resolve [as _detailResolve] (/Applications/Cocos/Creator/3.8.3/CocosCreator.app/Contents/Resources/app.asar/node_modules/@editor/lib-programming/static/executor/systemjs-bridge/out/index.js:772:17)
    at ExecutorSystem._resolve (/Applications/Cocos/Creator/3.8.3/CocosCreator.app/Contents/Resources/app.asar/node_modules/@editor/lib-programming/src/editor-systemjs/index.ts:137:14)
    at SystemJS.resolve (/Applications/Cocos/Creator/3.8.3/CocosCreator.app/Contents/Resources/app.asar/node_modules/@editor/lib-programming/src/editor-systemjs/index.ts:36:23)
    at /Applications/Cocos/Creator/3.8.3/CocosCreator.app/Contents/Resources/app.asar/node_modules/@editor/lib-programming/static/executor/systemjs-bridge/out/index.js:355:37
    at Array.map (<anonymous>)
    at /Applications/Cocos/Creator/3.8.3/CocosCreator.app/Contents/Resources/app.asar/node_modules/@editor/lib-programming/static/executor/systemjs-bridge/out/index.js:353:41
7-3-2024 14:10:27 - error: [Scene] {hidden(::SceneExecutorImportExceptionHandler::)} Error: Error: 以 file:///Users/wangzhaoye/block-practice/block/assets/script/Data/WeaponData.ts 为起点找不到模块 "../../../../manager/TemplateMgr"
    at rejector (/Applications/Cocos/Creator/3.8.3/CocosCreator.app/Contents/Resources/app.asar/node_modules/@editor/lib-programming/static/executor/systemjs-bridge/out/index.js:759:15)
    at ExecutorSystem.resolve [as _detailResolve] (/Applications/Cocos/Creator/3.8.3/CocosCreator.app/Contents/Resources/app.asar/node_modules/@editor/lib-programming/static/executor/systemjs-bridge/out/index.js:777:13)
    at ExecutorSystem._resolve (/Applications/Cocos/Creator/3.8.3/CocosCreator.app/Contents/Resources/app.asar/node_modules/@editor/lib-programming/src/editor-systemjs/index.ts:137:14)
    at SystemJS.resolve (/Applications/Cocos/Creator/3.8.3/CocosCreator.app/Contents/Resources/app.asar/node_modules/@editor/lib-programming/src/editor-systemjs/index.ts:36:23)
    at /Applications/Cocos/Creator/3.8.3/CocosCreator.app/Contents/Resources/app.asar/node_modules/@editor/lib-programming/static/executor/systemjs-bridge/out/index.js:355:37
    at Array.map (<anonymous>)
    at /Applications/Cocos/Creator/3.8.3/CocosCreator.app/Contents/Resources/app.asar/node_modules/@editor/lib-programming/static/executor/systemjs-bridge/out/index.js:353:41
    at file:///Users/wangzhaoye/block-practice/block/temp/programming/packer-driver/targets/editor/chunks/6d/cce:/internal/x/prerequisite-imports:8:13
    at Object.execute (file:///Users/wangzhaoye/block-practice/block/temp/programming/packer-driver/targets/editor/chunks/6d/cce:/internal/x/prerequisite-imports:4:1)
    at Executor._importPrerequisiteModules (/Applications/Cocos/Creator/3.8.3/CocosCreator.app/Contents/Resources/app.asar/node_modules/@editor/lib-programming/src/executor/index.ts:316:13)Error: [Scene] {hidden(::SceneExecutorImportExceptionHandler::)} Error: Error: 以 file:///Users/wangzhaoye/block-practice/block/assets/script/Data/WeaponData.ts 为起点找不到模块 "../../../../manager/TemplateMgr"
    at SystemJS.resolve (/Applications/Cocos/Creator/3.8.3/CocosCreator.app/Contents/Resources/app.asar/node_modules/@editor/lib-programming/src/editor-systemjs/index.ts:36:23)
    at /Applications/Cocos/Creator/3.8.3/CocosCreator.app/Contents/Resources/app.asar/node_modules/@editor/lib-programming/static/executor/systemjs-bridge/out/index.js:355:37
    at Array.map (<anonymous>)
    at /Applications/Cocos/Creator/3.8.3/CocosCreator.app/Contents/Resources/app.asar/node_modules/@editor/lib-programming/static/executor/systemjs-bridge/out/index.js:353:41
    at file:///Users/wangzhaoye/block-practice/block/temp/programming/packer-driver/targets/editor/chunks/6d/cce:/internal/x/prerequisite-imports:8:13
    at Object.execute (file:///Users/wangzhaoye/block-practice/block/temp/programming/packer-driver/targets/editor/chunks/6d/cce:/internal/x/prerequisite-imports:4:1)
    at Executor._importPrerequisiteModules (/Applications/Cocos/Creator/3.8.3/CocosCreator.app/Contents/Resources/app.asar/node_modules/@editor/lib-programming/src/executor/index.ts:316:13)
    at Logger._logHandler (/Applications/Cocos/Creator/3.8.3/CocosCreator.app/Contents/Resources/app.asar/builtin/scene/dist/script/3d/manager/startup/log.ccc:1:487)
    at Logger.record (/Applications/Cocos/Creator/3.8.3/CocosCreator.app/Contents/Resources/app.asar/node_modules/@base/electron-logger/lib/renderer.ccc:1:458)
    at console.error (/Applications/Cocos/Creator/3.8.3/CocosCreator.app/Contents/Resources/app.asar/node_modules/@base/electron-logger/lib/renderer.ccc:1:1414)
    at ScriptManager._handleImportException (/Applications/Cocos/Creator/3.8.3/CocosCreator.app/Contents/Resources/app.asar/builtin/scene/dist/script/3d/manager/scripts.ccc:1:5195)
    at Executor.importExceptionHandler [as _importExceptionHandler] (/Applications/Cocos/Creator/3.8.3/CocosCreator.app/Contents/Resources/app.asar/builtin/scene/dist/script/3d/manager/scripts.ccc:1:3379)
    at Executor._onModuleLoaded (/Applications/Cocos/Creator/3.8.3/CocosCreator.app/Contents/Resources/app.asar/node_modules/@editor/lib-programming/src/executor/index.ts:359:22)
    at SystemJS.onload (/Applications/Cocos/Creator/3.8.3/CocosCreator.app/Contents/Resources/app.asar/node_modules/@editor/lib-programming/src/executor/index.ts:96:18)
    at triggerOnload (/Applications/Cocos/Creator/3.8.3/CocosCreator.app/Contents/Resources/app.asar/node_modules/@editor/lib-programming/static/executor/systemjs-bridge/out/index.js:270:10)
    at /Applications/Cocos/Creator/3.8.3/CocosCreator.app/Contents/Resources/app.asar/node_modules/@editor/lib-programming/static/executor/systemjs-bridge/out/index.js:431:7
    at file:///Users/wangzhaoye/block-practice/block/temp/programming/packer-driver/targets/editor/chunks/6d/cce:/internal/x/prerequisite-imports:8:13
7-3-2024 14:10:27 - warn: [Scene] 你是否遗漏了扩展名？请注意你不能在模块说明符中省略扩展名。Error: [Scene] 你是否遗漏了扩展名？请注意你不能在模块说明符中省略扩展名。
    at logger (/Applications/Cocos/Creator/3.8.3/CocosCreator.app/Contents/Resources/app.asar/node_modules/@editor/lib-programming/static/executor/systemjs-bridge/out/index.js:755:13)
    at ExecutorSystem.resolve [as _detailResolve] (/Applications/Cocos/Creator/3.8.3/CocosCreator.app/Contents/Resources/app.asar/node_modules/@editor/lib-programming/static/executor/systemjs-bridge/out/index.js:772:17)
    at ExecutorSystem._resolve (/Applications/Cocos/Creator/3.8.3/CocosCreator.app/Contents/Resources/app.asar/node_modules/@editor/lib-programming/src/editor-systemjs/index.ts:137:14)
    at SystemJS.resolve (/Applications/Cocos/Creator/3.8.3/CocosCreator.app/Contents/Resources/app.asar/node_modules/@editor/lib-programming/src/editor-systemjs/index.ts:36:23)
    at /Applications/Cocos/Creator/3.8.3/CocosCreator.app/Contents/Resources/app.asar/node_modules/@editor/lib-programming/static/executor/systemjs-bridge/out/index.js:355:37
    at Array.map (<anonymous>)
    at /Applications/Cocos/Creator/3.8.3/CocosCreator.app/Contents/Resources/app.asar/node_modules/@editor/lib-programming/static/executor/systemjs-bridge/out/index.js:353:41
7-3-2024 14:10:27 - error: [Scene] {hidden(::SceneExecutorImportExceptionHandler::)} Error: Error: 以 file:///Users/wangzhaoye/block-practice/block/assets/script/Mgr/WeaponManager.ts 为起点找不到模块 "../Data/GridData"
    at rejector (/Applications/Cocos/Creator/3.8.3/CocosCreator.app/Contents/Resources/app.asar/node_modules/@editor/lib-programming/static/executor/systemjs-bridge/out/index.js:759:15)
    at ExecutorSystem.resolve [as _detailResolve] (/Applications/Cocos/Creator/3.8.3/CocosCreator.app/Contents/Resources/app.asar/node_modules/@editor/lib-programming/static/executor/systemjs-bridge/out/index.js:777:13)
    at ExecutorSystem._resolve (/Applications/Cocos/Creator/3.8.3/CocosCreator.app/Contents/Resources/app.asar/node_modules/@editor/lib-programming/src/editor-systemjs/index.ts:137:14)
    at SystemJS.resolve (/Applications/Cocos/Creator/3.8.3/CocosCreator.app/Contents/Resources/app.asar/node_modules/@editor/lib-programming/src/editor-systemjs/index.ts:36:23)
    at /Applications/Cocos/Creator/3.8.3/CocosCreator.app/Contents/Resources/app.asar/node_modules/@editor/lib-programming/static/executor/systemjs-bridge/out/index.js:355:37
    at Array.map (<anonymous>)
    at /Applications/Cocos/Creator/3.8.3/CocosCreator.app/Contents/Resources/app.asar/node_modules/@editor/lib-programming/static/executor/systemjs-bridge/out/index.js:353:41
    at file:///Users/wangzhaoye/block-practice/block/temp/programming/packer-driver/targets/editor/chunks/6d/cce:/internal/x/prerequisite-imports:8:13
    at Object.execute (file:///Users/wangzhaoye/block-practice/block/temp/programming/packer-driver/targets/editor/chunks/6d/cce:/internal/x/prerequisite-imports:4:1)
    at Executor._importPrerequisiteModules (/Applications/Cocos/Creator/3.8.3/CocosCreator.app/Contents/Resources/app.asar/node_modules/@editor/lib-programming/src/executor/index.ts:316:13)Error: [Scene] {hidden(::SceneExecutorImportExceptionHandler::)} Error: Error: 以 file:///Users/wangzhaoye/block-practice/block/assets/script/Mgr/WeaponManager.ts 为起点找不到模块 "../Data/GridData"
    at SystemJS.resolve (/Applications/Cocos/Creator/3.8.3/CocosCreator.app/Contents/Resources/app.asar/node_modules/@editor/lib-programming/src/editor-systemjs/index.ts:36:23)
    at /Applications/Cocos/Creator/3.8.3/CocosCreator.app/Contents/Resources/app.asar/node_modules/@editor/lib-programming/static/executor/systemjs-bridge/out/index.js:355:37
    at Array.map (<anonymous>)
    at /Applications/Cocos/Creator/3.8.3/CocosCreator.app/Contents/Resources/app.asar/node_modules/@editor/lib-programming/static/executor/systemjs-bridge/out/index.js:353:41
    at file:///Users/wangzhaoye/block-practice/block/temp/programming/packer-driver/targets/editor/chunks/6d/cce:/internal/x/prerequisite-imports:8:13
    at Object.execute (file:///Users/wangzhaoye/block-practice/block/temp/programming/packer-driver/targets/editor/chunks/6d/cce:/internal/x/prerequisite-imports:4:1)
    at Executor._importPrerequisiteModules (/Applications/Cocos/Creator/3.8.3/CocosCreator.app/Contents/Resources/app.asar/node_modules/@editor/lib-programming/src/executor/index.ts:316:13)
    at Logger._logHandler (/Applications/Cocos/Creator/3.8.3/CocosCreator.app/Contents/Resources/app.asar/builtin/scene/dist/script/3d/manager/startup/log.ccc:1:487)
    at Logger.record (/Applications/Cocos/Creator/3.8.3/CocosCreator.app/Contents/Resources/app.asar/node_modules/@base/electron-logger/lib/renderer.ccc:1:458)
    at console.error (/Applications/Cocos/Creator/3.8.3/CocosCreator.app/Contents/Resources/app.asar/node_modules/@base/electron-logger/lib/renderer.ccc:1:1414)
    at ScriptManager._handleImportException (/Applications/Cocos/Creator/3.8.3/CocosCreator.app/Contents/Resources/app.asar/builtin/scene/dist/script/3d/manager/scripts.ccc:1:5195)
    at Executor.importExceptionHandler [as _importExceptionHandler] (/Applications/Cocos/Creator/3.8.3/CocosCreator.app/Contents/Resources/app.asar/builtin/scene/dist/script/3d/manager/scripts.ccc:1:3379)
    at Executor._onModuleLoaded (/Applications/Cocos/Creator/3.8.3/CocosCreator.app/Contents/Resources/app.asar/node_modules/@editor/lib-programming/src/executor/index.ts:359:22)
    at SystemJS.onload (/Applications/Cocos/Creator/3.8.3/CocosCreator.app/Contents/Resources/app.asar/node_modules/@editor/lib-programming/src/executor/index.ts:96:18)
    at triggerOnload (/Applications/Cocos/Creator/3.8.3/CocosCreator.app/Contents/Resources/app.asar/node_modules/@editor/lib-programming/static/executor/systemjs-bridge/out/index.js:270:10)
    at /Applications/Cocos/Creator/3.8.3/CocosCreator.app/Contents/Resources/app.asar/node_modules/@editor/lib-programming/static/executor/systemjs-bridge/out/index.js:431:7
    at file:///Users/wangzhaoye/block-practice/block/temp/programming/packer-driver/targets/editor/chunks/6d/cce:/internal/x/prerequisite-imports:8:13
7-3-2024 14:10:27 - warn: [Scene] 你是否遗漏了扩展名？请注意你不能在模块说明符中省略扩展名。Error: [Scene] 你是否遗漏了扩展名？请注意你不能在模块说明符中省略扩展名。
    at logger (/Applications/Cocos/Creator/3.8.3/CocosCreator.app/Contents/Resources/app.asar/node_modules/@editor/lib-programming/static/executor/systemjs-bridge/out/index.js:755:13)
    at ExecutorSystem.resolve [as _detailResolve] (/Applications/Cocos/Creator/3.8.3/CocosCreator.app/Contents/Resources/app.asar/node_modules/@editor/lib-programming/static/executor/systemjs-bridge/out/index.js:772:17)
    at ExecutorSystem._resolve (/Applications/Cocos/Creator/3.8.3/CocosCreator.app/Contents/Resources/app.asar/node_modules/@editor/lib-programming/src/editor-systemjs/index.ts:137:14)
    at SystemJS.resolve (/Applications/Cocos/Creator/3.8.3/CocosCreator.app/Contents/Resources/app.asar/node_modules/@editor/lib-programming/src/editor-systemjs/index.ts:36:23)
    at /Applications/Cocos/Creator/3.8.3/CocosCreator.app/Contents/Resources/app.asar/node_modules/@editor/lib-programming/static/executor/systemjs-bridge/out/index.js:355:37
    at Array.map (<anonymous>)
    at /Applications/Cocos/Creator/3.8.3/CocosCreator.app/Contents/Resources/app.asar/node_modules/@editor/lib-programming/static/executor/systemjs-bridge/out/index.js:353:41
7-3-2024 14:10:27 - error: [Scene] {hidden(::SceneExecutorImportExceptionHandler::)} Error: Error: 以 file:///Users/wangzhaoye/block-practice/block/assets/script/Weapon/WeaponBgItem.ts 为起点找不到模块 "../Data/WeaponData"
    at rejector (/Applications/Cocos/Creator/3.8.3/CocosCreator.app/Contents/Resources/app.asar/node_modules/@editor/lib-programming/static/executor/systemjs-bridge/out/index.js:759:15)
    at ExecutorSystem.resolve [as _detailResolve] (/Applications/Cocos/Creator/3.8.3/CocosCreator.app/Contents/Resources/app.asar/node_modules/@editor/lib-programming/static/executor/systemjs-bridge/out/index.js:777:13)
    at ExecutorSystem._resolve (/Applications/Cocos/Creator/3.8.3/CocosCreator.app/Contents/Resources/app.asar/node_modules/@editor/lib-programming/src/editor-systemjs/index.ts:137:14)
    at SystemJS.resolve (/Applications/Cocos/Creator/3.8.3/CocosCreator.app/Contents/Resources/app.asar/node_modules/@editor/lib-programming/src/editor-systemjs/index.ts:36:23)
    at /Applications/Cocos/Creator/3.8.3/CocosCreator.app/Contents/Resources/app.asar/node_modules/@editor/lib-programming/static/executor/systemjs-bridge/out/index.js:355:37
    at Array.map (<anonymous>)
    at /Applications/Cocos/Creator/3.8.3/CocosCreator.app/Contents/Resources/app.asar/node_modules/@editor/lib-programming/static/executor/systemjs-bridge/out/index.js:353:41
    at file:///Users/wangzhaoye/block-practice/block/temp/programming/packer-driver/targets/editor/chunks/6d/cce:/internal/x/prerequisite-imports:8:13
    at Object.execute (file:///Users/wangzhaoye/block-practice/block/temp/programming/packer-driver/targets/editor/chunks/6d/cce:/internal/x/prerequisite-imports:4:1)
    at Executor._importPrerequisiteModules (/Applications/Cocos/Creator/3.8.3/CocosCreator.app/Contents/Resources/app.asar/node_modules/@editor/lib-programming/src/executor/index.ts:316:13)Error: [Scene] {hidden(::SceneExecutorImportExceptionHandler::)} Error: Error: 以 file:///Users/wangzhaoye/block-practice/block/assets/script/Weapon/WeaponBgItem.ts 为起点找不到模块 "../Data/WeaponData"
    at SystemJS.resolve (/Applications/Cocos/Creator/3.8.3/CocosCreator.app/Contents/Resources/app.asar/node_modules/@editor/lib-programming/src/editor-systemjs/index.ts:36:23)
    at /Applications/Cocos/Creator/3.8.3/CocosCreator.app/Contents/Resources/app.asar/node_modules/@editor/lib-programming/static/executor/systemjs-bridge/out/index.js:355:37
    at Array.map (<anonymous>)
    at /Applications/Cocos/Creator/3.8.3/CocosCreator.app/Contents/Resources/app.asar/node_modules/@editor/lib-programming/static/executor/systemjs-bridge/out/index.js:353:41
    at file:///Users/wangzhaoye/block-practice/block/temp/programming/packer-driver/targets/editor/chunks/6d/cce:/internal/x/prerequisite-imports:8:13
    at Object.execute (file:///Users/wangzhaoye/block-practice/block/temp/programming/packer-driver/targets/editor/chunks/6d/cce:/internal/x/prerequisite-imports:4:1)
    at Executor._importPrerequisiteModules (/Applications/Cocos/Creator/3.8.3/CocosCreator.app/Contents/Resources/app.asar/node_modules/@editor/lib-programming/src/executor/index.ts:316:13)
    at Logger._logHandler (/Applications/Cocos/Creator/3.8.3/CocosCreator.app/Contents/Resources/app.asar/builtin/scene/dist/script/3d/manager/startup/log.ccc:1:487)
    at Logger.record (/Applications/Cocos/Creator/3.8.3/CocosCreator.app/Contents/Resources/app.asar/node_modules/@base/electron-logger/lib/renderer.ccc:1:458)
    at console.error (/Applications/Cocos/Creator/3.8.3/CocosCreator.app/Contents/Resources/app.asar/node_modules/@base/electron-logger/lib/renderer.ccc:1:1414)
    at ScriptManager._handleImportException (/Applications/Cocos/Creator/3.8.3/CocosCreator.app/Contents/Resources/app.asar/builtin/scene/dist/script/3d/manager/scripts.ccc:1:5195)
    at Executor.importExceptionHandler [as _importExceptionHandler] (/Applications/Cocos/Creator/3.8.3/CocosCreator.app/Contents/Resources/app.asar/builtin/scene/dist/script/3d/manager/scripts.ccc:1:3379)
    at Executor._onModuleLoaded (/Applications/Cocos/Creator/3.8.3/CocosCreator.app/Contents/Resources/app.asar/node_modules/@editor/lib-programming/src/executor/index.ts:359:22)
    at SystemJS.onload (/Applications/Cocos/Creator/3.8.3/CocosCreator.app/Contents/Resources/app.asar/node_modules/@editor/lib-programming/src/executor/index.ts:96:18)
    at triggerOnload (/Applications/Cocos/Creator/3.8.3/CocosCreator.app/Contents/Resources/app.asar/node_modules/@editor/lib-programming/static/executor/systemjs-bridge/out/index.js:270:10)
    at /Applications/Cocos/Creator/3.8.3/CocosCreator.app/Contents/Resources/app.asar/node_modules/@editor/lib-programming/static/executor/systemjs-bridge/out/index.js:431:7
    at file:///Users/wangzhaoye/block-practice/block/temp/programming/packer-driver/targets/editor/chunks/6d/cce:/internal/x/prerequisite-imports:8:13
7-3-2024 14:10:27 - warn: [Scene] 你是否遗漏了扩展名？请注意你不能在模块说明符中省略扩展名。Error: [Scene] 你是否遗漏了扩展名？请注意你不能在模块说明符中省略扩展名。
    at logger (/Applications/Cocos/Creator/3.8.3/CocosCreator.app/Contents/Resources/app.asar/node_modules/@editor/lib-programming/static/executor/systemjs-bridge/out/index.js:755:13)
    at ExecutorSystem.resolve [as _detailResolve] (/Applications/Cocos/Creator/3.8.3/CocosCreator.app/Contents/Resources/app.asar/node_modules/@editor/lib-programming/static/executor/systemjs-bridge/out/index.js:772:17)
    at ExecutorSystem._resolve (/Applications/Cocos/Creator/3.8.3/CocosCreator.app/Contents/Resources/app.asar/node_modules/@editor/lib-programming/src/editor-systemjs/index.ts:137:14)
    at SystemJS.resolve (/Applications/Cocos/Creator/3.8.3/CocosCreator.app/Contents/Resources/app.asar/node_modules/@editor/lib-programming/src/editor-systemjs/index.ts:36:23)
    at /Applications/Cocos/Creator/3.8.3/CocosCreator.app/Contents/Resources/app.asar/node_modules/@editor/lib-programming/static/executor/systemjs-bridge/out/index.js:355:37
    at Array.map (<anonymous>)
    at /Applications/Cocos/Creator/3.8.3/CocosCreator.app/Contents/Resources/app.asar/node_modules/@editor/lib-programming/static/executor/systemjs-bridge/out/index.js:353:41
7-3-2024 14:10:27 - error: [Scene] {hidden(::SceneExecutorImportExceptionHandler::)} Error: Error: 以 file:///Users/wangzhaoye/block-practice/block/assets/script/Weapon/WeaponItem.ts 为起点找不到模块 "../Data/WeaponData"
    at rejector (/Applications/Cocos/Creator/3.8.3/CocosCreator.app/Contents/Resources/app.asar/node_modules/@editor/lib-programming/static/executor/systemjs-bridge/out/index.js:759:15)
    at ExecutorSystem.resolve [as _detailResolve] (/Applications/Cocos/Creator/3.8.3/CocosCreator.app/Contents/Resources/app.asar/node_modules/@editor/lib-programming/static/executor/systemjs-bridge/out/index.js:777:13)
    at ExecutorSystem._resolve (/Applications/Cocos/Creator/3.8.3/CocosCreator.app/Contents/Resources/app.asar/node_modules/@editor/lib-programming/src/editor-systemjs/index.ts:137:14)
    at SystemJS.resolve (/Applications/Cocos/Creator/3.8.3/CocosCreator.app/Contents/Resources/app.asar/node_modules/@editor/lib-programming/src/editor-systemjs/index.ts:36:23)
    at /Applications/Cocos/Creator/3.8.3/CocosCreator.app/Contents/Resources/app.asar/node_modules/@editor/lib-programming/static/executor/systemjs-bridge/out/index.js:355:37
    at Array.map (<anonymous>)
    at /Applications/Cocos/Creator/3.8.3/CocosCreator.app/Contents/Resources/app.asar/node_modules/@editor/lib-programming/static/executor/systemjs-bridge/out/index.js:353:41
    at file:///Users/wangzhaoye/block-practice/block/temp/programming/packer-driver/targets/editor/chunks/6d/cce:/internal/x/prerequisite-imports:8:13
    at Object.execute (file:///Users/wangzhaoye/block-practice/block/temp/programming/packer-driver/targets/editor/chunks/6d/cce:/internal/x/prerequisite-imports:4:1)
    at Executor._importPrerequisiteModules (/Applications/Cocos/Creator/3.8.3/CocosCreator.app/Contents/Resources/app.asar/node_modules/@editor/lib-programming/src/executor/index.ts:316:13)Error: [Scene] {hidden(::SceneExecutorImportExceptionHandler::)} Error: Error: 以 file:///Users/wangzhaoye/block-practice/block/assets/script/Weapon/WeaponItem.ts 为起点找不到模块 "../Data/WeaponData"
    at SystemJS.resolve (/Applications/Cocos/Creator/3.8.3/CocosCreator.app/Contents/Resources/app.asar/node_modules/@editor/lib-programming/src/editor-systemjs/index.ts:36:23)
    at /Applications/Cocos/Creator/3.8.3/CocosCreator.app/Contents/Resources/app.asar/node_modules/@editor/lib-programming/static/executor/systemjs-bridge/out/index.js:355:37
    at Array.map (<anonymous>)
    at /Applications/Cocos/Creator/3.8.3/CocosCreator.app/Contents/Resources/app.asar/node_modules/@editor/lib-programming/static/executor/systemjs-bridge/out/index.js:353:41
    at file:///Users/wangzhaoye/block-practice/block/temp/programming/packer-driver/targets/editor/chunks/6d/cce:/internal/x/prerequisite-imports:8:13
    at Object.execute (file:///Users/wangzhaoye/block-practice/block/temp/programming/packer-driver/targets/editor/chunks/6d/cce:/internal/x/prerequisite-imports:4:1)
    at Executor._importPrerequisiteModules (/Applications/Cocos/Creator/3.8.3/CocosCreator.app/Contents/Resources/app.asar/node_modules/@editor/lib-programming/src/executor/index.ts:316:13)
    at Logger._logHandler (/Applications/Cocos/Creator/3.8.3/CocosCreator.app/Contents/Resources/app.asar/builtin/scene/dist/script/3d/manager/startup/log.ccc:1:487)
    at Logger.record (/Applications/Cocos/Creator/3.8.3/CocosCreator.app/Contents/Resources/app.asar/node_modules/@base/electron-logger/lib/renderer.ccc:1:458)
    at console.error (/Applications/Cocos/Creator/3.8.3/CocosCreator.app/Contents/Resources/app.asar/node_modules/@base/electron-logger/lib/renderer.ccc:1:1414)
    at ScriptManager._handleImportException (/Applications/Cocos/Creator/3.8.3/CocosCreator.app/Contents/Resources/app.asar/builtin/scene/dist/script/3d/manager/scripts.ccc:1:5195)
    at Executor.importExceptionHandler [as _importExceptionHandler] (/Applications/Cocos/Creator/3.8.3/CocosCreator.app/Contents/Resources/app.asar/builtin/scene/dist/script/3d/manager/scripts.ccc:1:3379)
    at Executor._onModuleLoaded (/Applications/Cocos/Creator/3.8.3/CocosCreator.app/Contents/Resources/app.asar/node_modules/@editor/lib-programming/src/executor/index.ts:359:22)
    at SystemJS.onload (/Applications/Cocos/Creator/3.8.3/CocosCreator.app/Contents/Resources/app.asar/node_modules/@editor/lib-programming/src/executor/index.ts:96:18)
    at triggerOnload (/Applications/Cocos/Creator/3.8.3/CocosCreator.app/Contents/Resources/app.asar/node_modules/@editor/lib-programming/static/executor/systemjs-bridge/out/index.js:270:10)
    at /Applications/Cocos/Creator/3.8.3/CocosCreator.app/Contents/Resources/app.asar/node_modules/@editor/lib-programming/static/executor/systemjs-bridge/out/index.js:431:7
    at file:///Users/wangzhaoye/block-practice/block/temp/programming/packer-driver/targets/editor/chunks/6d/cce:/internal/x/prerequisite-imports:8:13
