2024-7-4 09:50:10-log: Cannot access game frame or container.
2024-7-4 09:50:10-debug: asset-db:require-engine-code (519ms)
2024-7-4 09:50:10-log: meshopt wasm decoder initialized
2024-7-4 09:50:11-log: [box2d]:box2d wasm lib loaded.
2024-7-4 09:50:11-log: [bullet]:bullet wasm lib loaded.
2024-7-4 09:50:11-log: Cocos Creator v3.8.3
2024-7-4 09:50:12-debug: [Assets Memory track]: asset-db-plugin-register: project start:78.03MB, end 175.85MB, increase: 97.82MB
2024-7-4 09:50:12-debug: [Assets Memory track]: asset-db:worker-init: initPlugin start:77.23MB, end 175.86MB, increase: 98.63MB
2024-7-4 09:50:12-debug: [Assets Memory track]: asset-db-plugin-register: builder start:79.57MB, end 180.10MB, increase: 100.53MB
2024-7-4 09:50:11-debug: [Assets Memory track]: asset-db:worker-init: initEngine start:27.09MB, end 77.23MB, increase: 50.14MB
2024-7-4 09:50:11-debug: [Assets Memory track]: asset-db-plugin-register: programming start:78.16MB, end 79.55MB, increase: 1.40MB
2024-7-4 09:50:12-debug: run package(vivo-mini-game) handler(enable) success!
2024-7-4 09:50:12-debug: run package(vivo-mini-game) handler(enable) start
2024-7-4 09:50:12-debug: run package(web-desktop) handler(enable) start
2024-7-4 09:50:12-debug: run package(web-mobile) handler(enable) start
2024-7-4 09:50:12-debug: run package(wechatgame) handler(enable) success!
2024-7-4 09:50:12-debug: run package(wechatprogram) handler(enable) start
2024-7-4 09:50:12-debug: run package(wechatprogram) handler(enable) success!
2024-7-4 09:50:12-debug: run package(windows) handler(enable) start
2024-7-4 09:50:12-debug: run package(windows) handler(enable) success!
2024-7-4 09:50:12-debug: run package(wechatgame) handler(enable) start
2024-7-4 09:50:12-debug: run package(xiaomi-quick-game) handler(enable) start
2024-7-4 09:50:12-debug: run package(cocos-service) handler(enable) start
2024-7-4 09:50:12-debug: run package(cocos-service) handler(enable) success!
2024-7-4 09:50:12-debug: run package(im-plugin) handler(enable) start
2024-7-4 09:50:12-debug: run package(im-plugin) handler(enable) success!
2024-7-4 09:50:12-debug: run package(blank-template) handler(enable) start
2024-7-4 09:50:12-debug: run package(blank-template) handler(enable) success!
2024-7-4 09:50:12-debug: run package(web-desktop) handler(enable) success!
2024-7-4 09:50:12-debug: run package(placeholder) handler(enable) success!
2024-7-4 09:50:12-debug: asset-db:worker-init: initPlugin (1433ms)
2024-7-4 09:50:12-debug: run package(web-mobile) handler(enable) success!
2024-7-4 09:50:12-debug: run package(placeholder) handler(enable) start
2024-7-4 09:50:12-debug: run package(xiaomi-quick-game) handler(enable) success!
2024-7-4 09:50:12-debug: [Assets Memory track]: asset-db:worker-init start:27.08MB, end 176.41MB, increase: 149.33MB
2024-7-4 09:50:12-debug: Run asset db hook engine-extends:beforePreStart success!
2024-7-4 09:50:12-debug: Run asset db hook programming:beforePreStart ...
2024-7-4 09:50:12-debug: Run asset db hook engine-extends:beforePreStart ...
2024-7-4 09:50:12-debug: Run asset db hook programming:beforePreStart success!
2024-7-4 09:50:12-debug: asset-db:worker-init (2235ms)
2024-7-4 09:50:12-debug: asset-db-hook-programming-beforePreStart (56ms)
2024-7-4 09:50:12-debug: asset-db-hook-engine-extends-beforePreStart (56ms)
2024-7-4 09:50:12-debug: Preimport db internal success
2024-7-4 09:50:12-debug: Preimport db assets success
2024-7-4 09:50:12-debug: Run asset db hook programming:afterPreStart ...
2024-7-4 09:50:12-debug: starting packer-driver...
2024-7-4 09:50:12-debug: initialize scripting environment...
2024-7-4 09:50:12-debug: Set detail map pack:///resolution-detail-map.json: {}
2024-7-4 09:50:12-debug: [Assets Memory track]: asset-db:worker-init: preStart start:176.41MB, end 180.29MB, increase: 3.87MB
2024-7-4 09:50:12-debug: Start up the 'internal' database...
2024-7-4 09:50:12-debug: Run asset db hook engine-extends:afterPreStart success!
2024-7-4 09:50:12-debug: Run asset db hook programming:afterPreStart success!
2024-7-4 09:50:12-debug: Run asset db hook engine-extends:afterPreStart ...
2024-7-4 09:50:13-debug: asset-db-hook-programming-afterPreStart (392ms)
2024-7-4 09:50:13-debug: asset-db:worker-effect-data-processing (155ms)
2024-7-4 09:50:13-debug: asset-db-hook-engine-extends-afterPreStart (155ms)
2024-7-4 09:50:13-debug: [Assets Memory track]: asset-db:worker-startup-database[internal] start:176.46MB, end 189.59MB, increase: 13.14MB
2024-7-4 09:50:13-debug: Start up the 'assets' database...
2024-7-4 09:50:13-debug: asset-db:worker-startup-database[internal] (552ms)
2024-7-4 09:50:13-debug: [Assets Memory track]: asset-db:worker-startup-database[assets] start:178.27MB, end 192.37MB, increase: 14.10MB
2024-7-4 09:50:13-debug: [Assets Memory track]: asset-db:worker-init: startup start:180.29MB, end 192.37MB, increase: 12.08MB
2024-7-4 09:50:13-debug: lazy register asset handler text
2024-7-4 09:50:13-debug: lazy register asset handler spine-data
2024-7-4 09:50:13-debug: lazy register asset handler dragonbones
2024-7-4 09:50:13-debug: lazy register asset handler dragonbones-atlas
2024-7-4 09:50:13-debug: lazy register asset handler terrain
2024-7-4 09:50:13-debug: lazy register asset handler javascript
2024-7-4 09:50:13-debug: lazy register asset handler typescript
2024-7-4 09:50:13-debug: lazy register asset handler scene
2024-7-4 09:50:13-debug: lazy register asset handler prefab
2024-7-4 09:50:13-debug: lazy register asset handler json
2024-7-4 09:50:13-debug: lazy register asset handler tiled-map
2024-7-4 09:50:13-debug: lazy register asset handler image
2024-7-4 09:50:13-debug: lazy register asset handler sign-image
2024-7-4 09:50:13-debug: lazy register asset handler buffer
2024-7-4 09:50:13-debug: lazy register asset handler alpha-image
2024-7-4 09:50:13-debug: lazy register asset handler texture
2024-7-4 09:50:13-debug: lazy register asset handler erp-texture-cube
2024-7-4 09:50:13-debug: lazy register asset handler render-texture
2024-7-4 09:50:13-debug: lazy register asset handler directory
2024-7-4 09:50:13-debug: lazy register asset handler texture-cube
2024-7-4 09:50:13-debug: lazy register asset handler texture-cube-face
2024-7-4 09:50:13-debug: lazy register asset handler gltf
2024-7-4 09:50:13-debug: lazy register asset handler gltf-mesh
2024-7-4 09:50:13-debug: lazy register asset handler rt-sprite-frame
2024-7-4 09:50:13-debug: lazy register asset handler gltf-skeleton
2024-7-4 09:50:13-debug: lazy register asset handler gltf-material
2024-7-4 09:50:13-debug: lazy register asset handler gltf-embeded-image
2024-7-4 09:50:13-debug: lazy register asset handler *
2024-7-4 09:50:13-debug: lazy register asset handler fbx
2024-7-4 09:50:13-debug: lazy register asset handler material
2024-7-4 09:50:13-debug: lazy register asset handler physics-material
2024-7-4 09:50:13-debug: lazy register asset handler sprite-frame
2024-7-4 09:50:13-debug: lazy register asset handler effect-header
2024-7-4 09:50:13-debug: lazy register asset handler gltf-animation
2024-7-4 09:50:13-debug: lazy register asset handler audio-clip
2024-7-4 09:50:13-debug: lazy register asset handler animation-graph
2024-7-4 09:50:13-debug: lazy register asset handler animation-graph-variant
2024-7-4 09:50:13-debug: lazy register asset handler effect
2024-7-4 09:50:13-debug: lazy register asset handler gltf-scene
2024-7-4 09:50:13-debug: lazy register asset handler bitmap-font
2024-7-4 09:50:13-debug: lazy register asset handler particle
2024-7-4 09:50:13-debug: lazy register asset handler sprite-atlas
2024-7-4 09:50:13-debug: lazy register asset handler auto-atlas
2024-7-4 09:50:13-debug: lazy register asset handler label-atlas
2024-7-4 09:50:13-debug: lazy register asset handler render-stage
2024-7-4 09:50:13-debug: lazy register asset handler ttf-font
2024-7-4 09:50:13-debug: lazy register asset handler render-flow
2024-7-4 09:50:13-debug: lazy register asset handler instantiation-material
2024-7-4 09:50:13-debug: lazy register asset handler animation-clip
2024-7-4 09:50:13-debug: lazy register asset handler instantiation-skeleton
2024-7-4 09:50:13-debug: lazy register asset handler instantiation-animation
2024-7-4 09:50:13-debug: lazy register asset handler video-clip
2024-7-4 09:50:13-debug: lazy register asset handler instantiation-mesh
2024-7-4 09:50:13-debug: lazy register asset handler animation-mask
2024-7-4 09:50:13-debug: lazy register asset handler render-pipeline
2024-7-4 09:50:13-debug: asset-db:worker-startup-database[assets] (519ms)
2024-7-4 09:50:13-debug: asset-db:start-database (599ms)
2024-7-4 09:50:13-debug: asset-db:ready (4413ms)
2024-7-4 09:50:13-debug: init worker message success
2024-7-4 09:50:13-debug: programming:execute-script (4ms)
2024-7-4 09:50:13-debug: [Build Memory track]: builder:worker-init start:189.92MB, end 201.63MB, increase: 11.71MB
2024-7-4 09:50:13-debug: builder:worker-init (236ms)
2024-7-4 09:52:41-debug: Query all assets info in project
2024-7-4 09:52:41-debug: init custom config: keepNodeUuid: false, useCache: true
2024-7-4 09:52:41-debug: 查询 Asset Bundle start, progress: 0%
2024-7-4 09:52:41-debug: // ---- build task 查询 Asset Bundle ----
2024-7-4 09:52:41-debug: Query preload assets from cc.config.json: 60f7195c-ec2a-45eb-ba94-8955f60e81d0,1c02ae6f-4492-4915-b8f8-7492a3b1e4cd,810e96e4-e456-4468-9b59-f4e8f39732c0,efe8e2a3-eace-427b-b4f1-cb8a937ec77d,e9aa9a3e-5b2b-4ac7-a2c7-073de2b2b24f,8bbdbcdd-5cd4-4100-b6d5-b7c9625b6107,50f4348b-c883-4e2f-8f11-ce233b859fa1,fda095cb-831d-4601-ad94-846013963de8,f92806d7-1768-443f-afe8-12bcde84d0f0,dd3a144d-ab7f-41f0-82b8-2e43a090d496,f0416e68-0200-4b77-a926-4f9d16e494da,970b0598-bcb0-4714-91fb-2e81440dccd8,bcd64cc6-2dd9-43f6-abbe-66318d332032,d930590d-bb92-4cc8-8bd1-23cd027f9edf,a3cd009f-0ab0-420d-9278-b9fdab939bbc,c27215d8-6835-4b68-bfbb-bdeac6100c04,b5d6115f-0370-4d7c-aad3-c194cc71cf98,871c3b6c-7379-419d-bda3-794b239ab90d
2024-7-4 09:52:41-debug:   Number of all scripts: 22
2024-7-4 09:52:41-debug:   Number of all scenes: 2
2024-7-4 09:52:41-debug:   Number of other assets: 618
2024-7-4 09:52:41-debug: // ---- build task 查询 Asset Bundle ---- (6ms)
2024-7-4 09:52:41-debug: run build task 查询 Asset Bundle success in 6 ms√, progress: 5%
2024-7-4 09:52:41-debug: [Build Memory track]: 查询 Asset Bundle start:167.01MB, end 167.06MB, increase: 52.66KB
2024-7-4 09:52:41-debug: 查询 Asset Bundle start, progress: 5%
2024-7-4 09:52:41-debug: // ---- build task 查询 Asset Bundle ----
2024-7-4 09:52:41-debug: // ---- build task 查询 Asset Bundle ---- (1ms)
2024-7-4 09:52:41-debug: run build task 查询 Asset Bundle success in 1 ms√, progress: 10%
2024-7-4 09:52:41-debug: [Build Memory track]: 查询 Asset Bundle start:167.07MB, end 167.18MB, increase: 117.72KB
2024-7-4 09:52:41-debug: 整理部分构建选项内数据到 settings.json start, progress: 10%
2024-7-4 09:52:41-debug: // ---- build task 整理部分构建选项内数据到 settings.json ----
2024-7-4 09:52:41-debug: // ---- build task 整理部分构建选项内数据到 settings.json ---- (1ms)
2024-7-4 09:52:41-debug: // ---- build task 填充脚本数据到 settings.json ----
2024-7-4 09:52:41-debug: [Build Memory track]: 整理部分构建选项内数据到 settings.json start:167.19MB, end 167.21MB, increase: 13.83KB
2024-7-4 09:52:41-debug: 填充脚本数据到 settings.json start, progress: 12%
2024-7-4 09:52:41-debug: run build task 整理部分构建选项内数据到 settings.json success in 1 ms√, progress: 12%
2024-7-4 09:52:41-debug: run build task 填充脚本数据到 settings.json success in √, progress: 13%
2024-7-4 09:52:41-debug: [Build Memory track]: 填充脚本数据到 settings.json start:167.22MB, end 166.49MB, increase: -739.30KB
2024-7-4 09:52:41-debug: 整理部分构建选项内数据到 settings.json start, progress: 13%
2024-7-4 09:52:41-debug: // ---- build task 整理部分构建选项内数据到 settings.json ----
2024-7-4 09:52:41-debug: // ---- build task 整理部分构建选项内数据到 settings.json ---- (1ms)
2024-7-4 09:52:41-debug: run build task 整理部分构建选项内数据到 settings.json success in 1 ms√, progress: 15%
2024-7-4 09:52:41-debug: [Build Memory track]: 整理部分构建选项内数据到 settings.json start:166.50MB, end 166.62MB, increase: 118.81KB
2024-7-4 09:53:53-debug: Query all assets info in project
2024-7-4 09:53:53-debug: init custom config: keepNodeUuid: false, useCache: true
2024-7-4 09:53:53-debug: 查询 Asset Bundle start, progress: 0%
2024-7-4 09:53:53-debug: // ---- build task 查询 Asset Bundle ----
2024-7-4 09:53:53-debug: Query preload assets from cc.config.json: 60f7195c-ec2a-45eb-ba94-8955f60e81d0,1c02ae6f-4492-4915-b8f8-7492a3b1e4cd,810e96e4-e456-4468-9b59-f4e8f39732c0,efe8e2a3-eace-427b-b4f1-cb8a937ec77d,e9aa9a3e-5b2b-4ac7-a2c7-073de2b2b24f,8bbdbcdd-5cd4-4100-b6d5-b7c9625b6107,50f4348b-c883-4e2f-8f11-ce233b859fa1,fda095cb-831d-4601-ad94-846013963de8,f92806d7-1768-443f-afe8-12bcde84d0f0,dd3a144d-ab7f-41f0-82b8-2e43a090d496,f0416e68-0200-4b77-a926-4f9d16e494da,970b0598-bcb0-4714-91fb-2e81440dccd8,bcd64cc6-2dd9-43f6-abbe-66318d332032,d930590d-bb92-4cc8-8bd1-23cd027f9edf,a3cd009f-0ab0-420d-9278-b9fdab939bbc,c27215d8-6835-4b68-bfbb-bdeac6100c04,b5d6115f-0370-4d7c-aad3-c194cc71cf98,871c3b6c-7379-419d-bda3-794b239ab90d
2024-7-4 09:53:54-debug:   Number of all scenes: 2
2024-7-4 09:53:54-debug:   Number of other assets: 618
2024-7-4 09:53:54-debug:   Number of all scripts: 22
2024-7-4 09:53:54-debug: // ---- build task 查询 Asset Bundle ---- (7ms)
2024-7-4 09:53:54-debug: // ---- build task 查询 Asset Bundle ----
2024-7-4 09:53:54-debug: [Build Memory track]: 查询 Asset Bundle start:166.64MB, end 166.66MB, increase: 19.95KB
2024-7-4 09:53:54-debug: 查询 Asset Bundle start, progress: 5%
2024-7-4 09:53:54-debug: run build task 查询 Asset Bundle success in 7 ms√, progress: 5%
2024-7-4 09:53:54-debug: // ---- build task 查询 Asset Bundle ---- (3ms)
2024-7-4 09:53:54-debug: run build task 查询 Asset Bundle success in 3 ms√, progress: 10%
2024-7-4 09:53:54-debug: [Build Memory track]: 查询 Asset Bundle start:166.67MB, end 166.78MB, increase: 117.96KB
2024-7-4 09:53:54-debug: 整理部分构建选项内数据到 settings.json start, progress: 10%
2024-7-4 09:53:54-debug: // ---- build task 整理部分构建选项内数据到 settings.json ----
2024-7-4 09:53:54-debug: run build task 整理部分构建选项内数据到 settings.json success in √, progress: 12%
2024-7-4 09:53:54-debug: [Build Memory track]: 整理部分构建选项内数据到 settings.json start:166.79MB, end 166.80MB, increase: 11.34KB
2024-7-4 09:53:54-debug: 填充脚本数据到 settings.json start, progress: 12%
2024-7-4 09:53:54-debug: // ---- build task 填充脚本数据到 settings.json ----
2024-7-4 09:53:54-debug: run build task 填充脚本数据到 settings.json success in √, progress: 13%
2024-7-4 09:53:54-debug: 整理部分构建选项内数据到 settings.json start, progress: 13%
2024-7-4 09:53:54-debug: // ---- build task 整理部分构建选项内数据到 settings.json ----
2024-7-4 09:53:54-debug: [Build Memory track]: 填充脚本数据到 settings.json start:166.82MB, end 166.83MB, increase: 9.96KB
2024-7-4 09:53:54-debug: // ---- build task 整理部分构建选项内数据到 settings.json ---- (1ms)
2024-7-4 09:53:54-debug: run build task 整理部分构建选项内数据到 settings.json success in 1 ms√, progress: 15%
2024-7-4 09:53:54-debug: [Build Memory track]: 整理部分构建选项内数据到 settings.json start:166.84MB, end 166.96MB, increase: 115.35KB
